This is pdfTeX, Version 3.141592653-2.6-1.40.23 (TeX Live 2022/dev) (preloaded format=pdflatex 2021.9.12)  19 SEP 2021 18:40
entering extended mode
 restricted \write18 enabled.
 %&-line parsing enabled.
**F21MATH301_BayesianModelingIntroPart2.tex
(./F21MATH301_BayesianModelingIntroPart2.tex
LaTeX2e <2021-06-01> patch level 1
L3 programming layer <2021-08-27> (/Users/jihu/Library/TinyTeX/texmf-dist/tex/l
atex/beamer/beamer.cls
Document Class: beamer 2021/05/26 v3.63 A class for typesetting presentations
(/Users/jihu/Library/TinyTeX/texmf-dist/tex/latex/beamer/beamerbasemodes.sty (/
Users/jihu/Library/TinyTeX/texmf-dist/tex/latex/etoolbox/etoolbox.sty
Package: etoolbox 2020/10/05 v2.5k e-TeX tools for LaTeX (JAW)
\etb@tempcnta=\count182
)
\beamer@tempbox=\box50
\beamer@tempcount=\count183
\c@beamerpauses=\count184
(/Users/jihu/Library/TinyTeX/texmf-dist/tex/latex/beamer/beamerbasedecode.sty
\beamer@slideinframe=\count185
\beamer@minimum=\count186
\beamer@decode@box=\box51
)
\beamer@commentbox=\box52
\beamer@modecount=\count187
) (/Users/jihu/Library/TinyTeX/texmf-dist/tex/generic/iftex/ifpdf.sty
Package: ifpdf 2019/10/25 v3.4 ifpdf legacy package. Use iftex instead.
(/Users/jihu/Library/TinyTeX/texmf-dist/tex/generic/iftex/iftex.sty
Package: iftex 2020/03/06 v1.0d TeX engine tests
))
\headdp=\dimen138
\footheight=\dimen139
\sidebarheight=\dimen140
\beamer@tempdim=\dimen141
\beamer@finalheight=\dimen142
\beamer@animht=\dimen143
\beamer@animdp=\dimen144
\beamer@animwd=\dimen145
\beamer@leftmargin=\dimen146
\beamer@rightmargin=\dimen147
\beamer@leftsidebar=\dimen148
\beamer@rightsidebar=\dimen149
\beamer@boxsize=\dimen150
\beamer@vboxoffset=\dimen151
\beamer@descdefault=\dimen152
\beamer@descriptionwidth=\dimen153
\beamer@lastskip=\skip47
\beamer@areabox=\box53
\beamer@animcurrent=\box54
\beamer@animshowbox=\box55
\beamer@sectionbox=\box56
\beamer@logobox=\box57
\beamer@linebox=\box58
\beamer@sectioncount=\count188
\beamer@subsubsectionmax=\count189
\beamer@subsectionmax=\count190
\beamer@sectionmax=\count191
\beamer@totalheads=\count192
\beamer@headcounter=\count193
\beamer@partstartpage=\count194
\beamer@sectionstartpage=\count195
\beamer@subsectionstartpage=\count196
\beamer@animationtempa=\count197
\beamer@animationtempb=\count198
\beamer@xpos=\count199
\beamer@ypos=\count266
\beamer@ypos@offset=\count267
\beamer@showpartnumber=\count268
\beamer@currentsubsection=\count269
\beamer@coveringdepth=\count270
\beamer@sectionadjust=\count271
\beamer@toclastsection=\count272
\beamer@tocsectionnumber=\count273
(/Users/jihu/Library/TinyTeX/texmf-dist/tex/latex/beamer/beamerbaseoptions.sty 
(/Users/jihu/Library/TinyTeX/texmf-dist/tex/latex/graphics/keyval.sty
Package: keyval 2014/10/28 v1.15 key=value parser (DPC)
\KV@toks@=\toks16
))
\beamer@paperwidth=\skip48
\beamer@paperheight=\skip49
(/Users/jihu/Library/TinyTeX/texmf-dist/tex/latex/geometry/geometry.sty
Package: geometry 2020/01/02 v5.9 Page Geometry
(/Users/jihu/Library/TinyTeX/texmf-dist/tex/generic/iftex/ifvtex.sty
Package: ifvtex 2019/10/25 v1.7 ifvtex legacy package. Use iftex instead.
)
\Gm@cnth=\count274
\Gm@cntv=\count275
\c@Gm@tempcnt=\count276
\Gm@bindingoffset=\dimen154
\Gm@wd@mp=\dimen155
\Gm@odd@mp=\dimen156
\Gm@even@mp=\dimen157
\Gm@layoutwidth=\dimen158
\Gm@layoutheight=\dimen159
\Gm@layouthoffset=\dimen160
\Gm@layoutvoffset=\dimen161
\Gm@dimlist=\toks17
) (/Users/jihu/Library/TinyTeX/texmf-dist/tex/latex/base/size11.clo
File: size11.clo 2021/02/12 v1.4n Standard LaTeX file (size option)
) (/Users/jihu/Library/TinyTeX/texmf-dist/tex/latex/pgf/basiclayer/pgfcore.sty 
(/Users/jihu/Library/TinyTeX/texmf-dist/tex/latex/graphics/graphicx.sty
Package: graphicx 2020/12/05 v1.2c Enhanced LaTeX Graphics (DPC,SPQR)
(/Users/jihu/Library/TinyTeX/texmf-dist/tex/latex/graphics/graphics.sty
Package: graphics 2021/03/04 v1.4d Standard LaTeX Graphics (DPC,SPQR)
(/Users/jihu/Library/TinyTeX/texmf-dist/tex/latex/graphics/trig.sty
Package: trig 2016/01/03 v1.10 sin cos tan (DPC)
) (/Users/jihu/Library/TinyTeX/texmf-dist/tex/latex/graphics-cfg/graphics.cfg
File: graphics.cfg 2016/06/04 v1.11 sample graphics configuration
)
Package graphics Info: Driver file: pdftex.def on input line 107.
(/Users/jihu/Library/TinyTeX/texmf-dist/tex/latex/graphics-def/pdftex.def
File: pdftex.def 2020/10/05 v1.2a Graphics/color driver for pdftex
))
\Gin@req@height=\dimen162
\Gin@req@width=\dimen163
) (/Users/jihu/Library/TinyTeX/texmf-dist/tex/latex/pgf/systemlayer/pgfsys.sty 
(/Users/jihu/Library/TinyTeX/texmf-dist/tex/latex/pgf/utilities/pgfrcs.sty
(/Users/jihu/Library/TinyTeX/texmf-dist/tex/generic/pgf/utilities/pgfutil-commo
n.tex
\pgfutil@everybye=\toks18
\pgfutil@tempdima=\dimen164
\pgfutil@tempdimb=\dimen165

(/Users/jihu/Library/TinyTeX/texmf-dist/tex/generic/pgf/utilities/pgfutil-commo
n-lists.tex))
(/Users/jihu/Library/TinyTeX/texmf-dist/tex/generic/pgf/utilities/pgfutil-latex
.def
\pgfutil@abb=\box59
)
(/Users/jihu/Library/TinyTeX/texmf-dist/tex/generic/pgf/utilities/pgfrcs.code.t
ex (/Users/jihu/Library/TinyTeX/texmf-dist/tex/generic/pgf/pgf.revision.tex)
Package: pgfrcs 2021/05/15 v3.1.9a (3.1.9a)
))
(/Users/jihu/Library/TinyTeX/texmf-dist/tex/generic/pgf/systemlayer/pgfsys.code
.tex
Package: pgfsys 2021/05/15 v3.1.9a (3.1.9a)

(/Users/jihu/Library/TinyTeX/texmf-dist/tex/generic/pgf/utilities/pgfkeys.code.
tex
\pgfkeys@pathtoks=\toks19
\pgfkeys@temptoks=\toks20

(/Users/jihu/Library/TinyTeX/texmf-dist/tex/generic/pgf/utilities/pgfkeysfilter
ed.code.tex
\pgfkeys@tmptoks=\toks21
))
\pgf@x=\dimen166
\pgf@y=\dimen167
\pgf@xa=\dimen168
\pgf@ya=\dimen169
\pgf@xb=\dimen170
\pgf@yb=\dimen171
\pgf@xc=\dimen172
\pgf@yc=\dimen173
\pgf@xd=\dimen174
\pgf@yd=\dimen175
\w@pgf@writea=\write3
\r@pgf@reada=\read2
\c@pgf@counta=\count277
\c@pgf@countb=\count278
\c@pgf@countc=\count279
\c@pgf@countd=\count280
\t@pgf@toka=\toks22
\t@pgf@tokb=\toks23
\t@pgf@tokc=\toks24
\pgf@sys@id@count=\count281
(/Users/jihu/Library/TinyTeX/texmf-dist/tex/generic/pgf/systemlayer/pgf.cfg
File: pgf.cfg 2021/05/15 v3.1.9a (3.1.9a)
)
Driver file for pgf: pgfsys-pdftex.def

(/Users/jihu/Library/TinyTeX/texmf-dist/tex/generic/pgf/systemlayer/pgfsys-pdft
ex.def
File: pgfsys-pdftex.def 2021/05/15 v3.1.9a (3.1.9a)

(/Users/jihu/Library/TinyTeX/texmf-dist/tex/generic/pgf/systemlayer/pgfsys-comm
on-pdf.def
File: pgfsys-common-pdf.def 2021/05/15 v3.1.9a (3.1.9a)
)))
(/Users/jihu/Library/TinyTeX/texmf-dist/tex/generic/pgf/systemlayer/pgfsyssoftp
ath.code.tex
File: pgfsyssoftpath.code.tex 2021/05/15 v3.1.9a (3.1.9a)
\pgfsyssoftpath@smallbuffer@items=\count282
\pgfsyssoftpath@bigbuffer@items=\count283
)
(/Users/jihu/Library/TinyTeX/texmf-dist/tex/generic/pgf/systemlayer/pgfsysproto
col.code.tex
File: pgfsysprotocol.code.tex 2021/05/15 v3.1.9a (3.1.9a)
)) (/Users/jihu/Library/TinyTeX/texmf-dist/tex/latex/xcolor/xcolor.sty
Package: xcolor 2016/05/11 v2.12 LaTeX color extensions (UK)
(/Users/jihu/Library/TinyTeX/texmf-dist/tex/latex/graphics-cfg/color.cfg
File: color.cfg 2016/01/02 v1.6 sample color configuration
)
Package xcolor Info: Driver file: pdftex.def on input line 225.
Package xcolor Info: Model `cmy' substituted by `cmy0' on input line 1348.
Package xcolor Info: Model `hsb' substituted by `rgb' on input line 1352.
Package xcolor Info: Model `RGB' extended on input line 1364.
Package xcolor Info: Model `HTML' substituted by `rgb' on input line 1366.
Package xcolor Info: Model `Hsb' substituted by `hsb' on input line 1367.
Package xcolor Info: Model `tHsb' substituted by `hsb' on input line 1368.
Package xcolor Info: Model `HSB' substituted by `hsb' on input line 1369.
Package xcolor Info: Model `Gray' substituted by `gray' on input line 1370.
Package xcolor Info: Model `wave' substituted by `hsb' on input line 1371.
)
(/Users/jihu/Library/TinyTeX/texmf-dist/tex/generic/pgf/basiclayer/pgfcore.code
.tex
Package: pgfcore 2021/05/15 v3.1.9a (3.1.9a)
(/Users/jihu/Library/TinyTeX/texmf-dist/tex/generic/pgf/math/pgfmath.code.tex
(/Users/jihu/Library/TinyTeX/texmf-dist/tex/generic/pgf/math/pgfmathcalc.code.t
ex
(/Users/jihu/Library/TinyTeX/texmf-dist/tex/generic/pgf/math/pgfmathutil.code.t
ex)
(/Users/jihu/Library/TinyTeX/texmf-dist/tex/generic/pgf/math/pgfmathparser.code
.tex
\pgfmath@dimen=\dimen176
\pgfmath@count=\count284
\pgfmath@box=\box60
\pgfmath@toks=\toks25
\pgfmath@stack@operand=\toks26
\pgfmath@stack@operation=\toks27
)
(/Users/jihu/Library/TinyTeX/texmf-dist/tex/generic/pgf/math/pgfmathfunctions.c
ode.tex
(/Users/jihu/Library/TinyTeX/texmf-dist/tex/generic/pgf/math/pgfmathfunctions.b
asic.code.tex)
(/Users/jihu/Library/TinyTeX/texmf-dist/tex/generic/pgf/math/pgfmathfunctions.t
rigonometric.code.tex)
(/Users/jihu/Library/TinyTeX/texmf-dist/tex/generic/pgf/math/pgfmathfunctions.r
andom.code.tex)
(/Users/jihu/Library/TinyTeX/texmf-dist/tex/generic/pgf/math/pgfmathfunctions.c
omparison.code.tex)
(/Users/jihu/Library/TinyTeX/texmf-dist/tex/generic/pgf/math/pgfmathfunctions.b
ase.code.tex)
(/Users/jihu/Library/TinyTeX/texmf-dist/tex/generic/pgf/math/pgfmathfunctions.r
ound.code.tex)
(/Users/jihu/Library/TinyTeX/texmf-dist/tex/generic/pgf/math/pgfmathfunctions.m
isc.code.tex)
(/Users/jihu/Library/TinyTeX/texmf-dist/tex/generic/pgf/math/pgfmathfunctions.i
ntegerarithmetics.code.tex)))
(/Users/jihu/Library/TinyTeX/texmf-dist/tex/generic/pgf/math/pgfmathfloat.code.
tex
\c@pgfmathroundto@lastzeros=\count285
)) (/Users/jihu/Library/TinyTeX/texmf-dist/tex/generic/pgf/math/pgfint.code.tex
)
(/Users/jihu/Library/TinyTeX/texmf-dist/tex/generic/pgf/basiclayer/pgfcorepoint
s.code.tex
File: pgfcorepoints.code.tex 2021/05/15 v3.1.9a (3.1.9a)
\pgf@picminx=\dimen177
\pgf@picmaxx=\dimen178
\pgf@picminy=\dimen179
\pgf@picmaxy=\dimen180
\pgf@pathminx=\dimen181
\pgf@pathmaxx=\dimen182
\pgf@pathminy=\dimen183
\pgf@pathmaxy=\dimen184
\pgf@xx=\dimen185
\pgf@xy=\dimen186
\pgf@yx=\dimen187
\pgf@yy=\dimen188
\pgf@zx=\dimen189
\pgf@zy=\dimen190
)
(/Users/jihu/Library/TinyTeX/texmf-dist/tex/generic/pgf/basiclayer/pgfcorepathc
onstruct.code.tex
File: pgfcorepathconstruct.code.tex 2021/05/15 v3.1.9a (3.1.9a)
\pgf@path@lastx=\dimen191
\pgf@path@lasty=\dimen192
)
(/Users/jihu/Library/TinyTeX/texmf-dist/tex/generic/pgf/basiclayer/pgfcorepathu
sage.code.tex
File: pgfcorepathusage.code.tex 2021/05/15 v3.1.9a (3.1.9a)
\pgf@shorten@end@additional=\dimen193
\pgf@shorten@start@additional=\dimen194
)
(/Users/jihu/Library/TinyTeX/texmf-dist/tex/generic/pgf/basiclayer/pgfcorescope
s.code.tex
File: pgfcorescopes.code.tex 2021/05/15 v3.1.9a (3.1.9a)
\pgfpic=\box61
\pgf@hbox=\box62
\pgf@layerbox@main=\box63
\pgf@picture@serial@count=\count286
)
(/Users/jihu/Library/TinyTeX/texmf-dist/tex/generic/pgf/basiclayer/pgfcoregraph
icstate.code.tex
File: pgfcoregraphicstate.code.tex 2021/05/15 v3.1.9a (3.1.9a)
\pgflinewidth=\dimen195
)
(/Users/jihu/Library/TinyTeX/texmf-dist/tex/generic/pgf/basiclayer/pgfcoretrans
formations.code.tex
File: pgfcoretransformations.code.tex 2021/05/15 v3.1.9a (3.1.9a)
\pgf@pt@x=\dimen196
\pgf@pt@y=\dimen197
\pgf@pt@temp=\dimen198
)
(/Users/jihu/Library/TinyTeX/texmf-dist/tex/generic/pgf/basiclayer/pgfcorequick
.code.tex
File: pgfcorequick.code.tex 2021/05/15 v3.1.9a (3.1.9a)
)
(/Users/jihu/Library/TinyTeX/texmf-dist/tex/generic/pgf/basiclayer/pgfcoreobjec
ts.code.tex
File: pgfcoreobjects.code.tex 2021/05/15 v3.1.9a (3.1.9a)
)
(/Users/jihu/Library/TinyTeX/texmf-dist/tex/generic/pgf/basiclayer/pgfcorepathp
rocessing.code.tex
File: pgfcorepathprocessing.code.tex 2021/05/15 v3.1.9a (3.1.9a)
)
(/Users/jihu/Library/TinyTeX/texmf-dist/tex/generic/pgf/basiclayer/pgfcorearrow
s.code.tex
File: pgfcorearrows.code.tex 2021/05/15 v3.1.9a (3.1.9a)
\pgfarrowsep=\dimen199
)
(/Users/jihu/Library/TinyTeX/texmf-dist/tex/generic/pgf/basiclayer/pgfcoreshade
.code.tex
File: pgfcoreshade.code.tex 2021/05/15 v3.1.9a (3.1.9a)
\pgf@max=\dimen256
\pgf@sys@shading@range@num=\count287
\pgf@shadingcount=\count288
)
(/Users/jihu/Library/TinyTeX/texmf-dist/tex/generic/pgf/basiclayer/pgfcoreimage
.code.tex
File: pgfcoreimage.code.tex 2021/05/15 v3.1.9a (3.1.9a)

(/Users/jihu/Library/TinyTeX/texmf-dist/tex/generic/pgf/basiclayer/pgfcoreexter
nal.code.tex
File: pgfcoreexternal.code.tex 2021/05/15 v3.1.9a (3.1.9a)
\pgfexternal@startupbox=\box64
))
(/Users/jihu/Library/TinyTeX/texmf-dist/tex/generic/pgf/basiclayer/pgfcorelayer
s.code.tex
File: pgfcorelayers.code.tex 2021/05/15 v3.1.9a (3.1.9a)
)
(/Users/jihu/Library/TinyTeX/texmf-dist/tex/generic/pgf/basiclayer/pgfcoretrans
parency.code.tex
File: pgfcoretransparency.code.tex 2021/05/15 v3.1.9a (3.1.9a)
)
(/Users/jihu/Library/TinyTeX/texmf-dist/tex/generic/pgf/basiclayer/pgfcorepatte
rns.code.tex
File: pgfcorepatterns.code.tex 2021/05/15 v3.1.9a (3.1.9a)
)
(/Users/jihu/Library/TinyTeX/texmf-dist/tex/generic/pgf/basiclayer/pgfcorerdf.c
ode.tex
File: pgfcorerdf.code.tex 2021/05/15 v3.1.9a (3.1.9a)
))) (/Users/jihu/Library/TinyTeX/texmf-dist/tex/latex/pgf/utilities/xxcolor.sty
Package: xxcolor 2003/10/24 ver 0.1
\XC@nummixins=\count289
\XC@countmixins=\count290
) (/Users/jihu/Library/TinyTeX/texmf-dist/tex/latex/base/atbegshi-ltx.sty
Package: atbegshi-ltx 2021/01/10 v1.0c Emulation of the original atbegshi
package with kernel methods
) (/Users/jihu/Library/TinyTeX/texmf-dist/tex/latex/hyperref/hyperref.sty
Package: hyperref 2021-06-07 v7.00m Hypertext links for LaTeX
(/Users/jihu/Library/TinyTeX/texmf-dist/tex/generic/ltxcmds/ltxcmds.sty
Package: ltxcmds 2020-05-10 v1.25 LaTeX kernel commands for general use (HO)
) (/Users/jihu/Library/TinyTeX/texmf-dist/tex/generic/pdftexcmds/pdftexcmds.sty
Package: pdftexcmds 2020-06-27 v0.33 Utility functions of pdfTeX for LuaTeX (HO
)
(/Users/jihu/Library/TinyTeX/texmf-dist/tex/generic/infwarerr/infwarerr.sty
Package: infwarerr 2019/12/03 v1.5 Providing info/warning/error messages (HO)
)
Package pdftexcmds Info: \pdf@primitive is available.
Package pdftexcmds Info: \pdf@ifprimitive is available.
Package pdftexcmds Info: \pdfdraftmode found.
) (/Users/jihu/Library/TinyTeX/texmf-dist/tex/generic/kvsetkeys/kvsetkeys.sty
Package: kvsetkeys 2019/12/15 v1.18 Key value parser (HO)
)
(/Users/jihu/Library/TinyTeX/texmf-dist/tex/generic/kvdefinekeys/kvdefinekeys.s
ty
Package: kvdefinekeys 2019-12-19 v1.6 Define keys (HO)
) (/Users/jihu/Library/TinyTeX/texmf-dist/tex/generic/pdfescape/pdfescape.sty
Package: pdfescape 2019/12/09 v1.15 Implements pdfTeX's escape features (HO)
) (/Users/jihu/Library/TinyTeX/texmf-dist/tex/latex/hycolor/hycolor.sty
Package: hycolor 2020-01-27 v1.10 Color options for hyperref/bookmark (HO)
) (/Users/jihu/Library/TinyTeX/texmf-dist/tex/latex/letltxmacro/letltxmacro.sty
Package: letltxmacro 2019/12/03 v1.6 Let assignment for LaTeX macros (HO)
) (/Users/jihu/Library/TinyTeX/texmf-dist/tex/latex/auxhook/auxhook.sty
Package: auxhook 2019-12-17 v1.6 Hooks for auxiliary files (HO)
) (/Users/jihu/Library/TinyTeX/texmf-dist/tex/latex/kvoptions/kvoptions.sty
Package: kvoptions 2020-10-07 v3.14 Key value format for package options (HO)
)
\@linkdim=\dimen257
\Hy@linkcounter=\count291
\Hy@pagecounter=\count292
(/Users/jihu/Library/TinyTeX/texmf-dist/tex/latex/hyperref/pd1enc.def
File: pd1enc.def 2021-06-07 v7.00m Hyperref: PDFDocEncoding definition (HO)
Now handling font encoding PD1 ...
... no UTF-8 mapping file for font encoding PD1
)
(/Users/jihu/Library/TinyTeX/texmf-dist/tex/latex/hyperref/hyperref-langpatches
.def
File: hyperref-langpatches.def 2021-06-07 v7.00m Hyperref: patches for babel la
nguages
) (/Users/jihu/Library/TinyTeX/texmf-dist/tex/generic/intcalc/intcalc.sty
Package: intcalc 2019/12/15 v1.3 Expandable calculations with integers (HO)
) (/Users/jihu/Library/TinyTeX/texmf-dist/tex/generic/etexcmds/etexcmds.sty
Package: etexcmds 2019/12/15 v1.7 Avoid name clashes with e-TeX commands (HO)
)
\Hy@SavedSpaceFactor=\count293
(/Users/jihu/Library/TinyTeX/texmf-dist/tex/latex/hyperref/puenc.def
File: puenc.def 2021-06-07 v7.00m Hyperref: PDF Unicode definition (HO)
Now handling font encoding PU ...
... no UTF-8 mapping file for font encoding PU
)
Package hyperref Info: Option `unicode' set `true' on input line 4073.
Package hyperref Info: Option `bookmarks' set `true' on input line 4073.
Package hyperref Info: Option `bookmarksopen' set `true' on input line 4073.
Package hyperref Info: Option `implicit' set `false' on input line 4073.
Package hyperref Info: Hyper figures OFF on input line 4192.
Package hyperref Info: Link nesting OFF on input line 4197.
Package hyperref Info: Hyper index ON on input line 4200.
Package hyperref Info: Plain pages OFF on input line 4207.
Package hyperref Info: Backreferencing OFF on input line 4212.
Package hyperref Info: Implicit mode OFF; no redefinition of LaTeX internals.
Package hyperref Info: Bookmarks ON on input line 4445.
\c@Hy@tempcnt=\count294
(/Users/jihu/Library/TinyTeX/texmf-dist/tex/latex/url/url.sty
\Urlmuskip=\muskip16
Package: url 2013/09/16  ver 3.4  Verb mode for urls, etc.
)
LaTeX Info: Redefining \url on input line 4804.
\XeTeXLinkMargin=\dimen258
(/Users/jihu/Library/TinyTeX/texmf-dist/tex/generic/bitset/bitset.sty
Package: bitset 2019/12/09 v1.3 Handle bit-vector datatype (HO)
(/Users/jihu/Library/TinyTeX/texmf-dist/tex/generic/bigintcalc/bigintcalc.sty
Package: bigintcalc 2019/12/15 v1.5 Expandable calculations on big integers (HO
)
))
\Fld@menulength=\count295
\Field@Width=\dimen259
\Fld@charsize=\dimen260
Package hyperref Info: Hyper figures OFF on input line 6076.
Package hyperref Info: Link nesting OFF on input line 6081.
Package hyperref Info: Hyper index ON on input line 6084.
Package hyperref Info: backreferencing OFF on input line 6091.
Package hyperref Info: Link coloring OFF on input line 6096.
Package hyperref Info: Link coloring with OCG OFF on input line 6101.
Package hyperref Info: PDF/A mode OFF on input line 6106.
LaTeX Info: Redefining \ref on input line 6146.
LaTeX Info: Redefining \pageref on input line 6150.
\Hy@abspage=\count296

Package hyperref Message: Stopped early.

)
Package hyperref Info: Driver (autodetected): hpdftex.
(/Users/jihu/Library/TinyTeX/texmf-dist/tex/latex/hyperref/hpdftex.def
File: hpdftex.def 2021-06-07 v7.00m Hyperref driver for pdfTeX
(/Users/jihu/Library/TinyTeX/texmf-dist/tex/latex/base/atveryend-ltx.sty
Package: atveryend-ltx 2020/08/19 v1.0a Emulation of the original atvery packag
e
with kernel methods
)
\Fld@listcount=\count297
\c@bookmark@seq@number=\count298

(/Users/jihu/Library/TinyTeX/texmf-dist/tex/latex/rerunfilecheck/rerunfilecheck
.sty
Package: rerunfilecheck 2019/12/05 v1.9 Rerun checks for auxiliary files (HO)

(/Users/jihu/Library/TinyTeX/texmf-dist/tex/generic/uniquecounter/uniquecounter
.sty
Package: uniquecounter 2019/12/15 v1.4 Provide unlimited unique counter (HO)
)
Package uniquecounter Info: New unique counter `rerunfilecheck' on input line 2
86.
))
(/Users/jihu/Library/TinyTeX/texmf-dist/tex/latex/beamer/beamerbaserequires.sty

(/Users/jihu/Library/TinyTeX/texmf-dist/tex/latex/beamer/beamerbasecompatibilit
y.sty) (/Users/jihu/Library/TinyTeX/texmf-dist/tex/latex/beamer/beamerbasefont.
sty (/Users/jihu/Library/TinyTeX/texmf-dist/tex/latex/amsfonts/amssymb.sty
Package: amssymb 2013/01/14 v3.01 AMS font symbols
(/Users/jihu/Library/TinyTeX/texmf-dist/tex/latex/amsfonts/amsfonts.sty
Package: amsfonts 2013/01/14 v3.01 Basic AMSFonts support
\@emptytoks=\toks28
\symAMSa=\mathgroup4
\symAMSb=\mathgroup5
LaTeX Font Info:    Redeclaring math symbol \hbar on input line 98.
LaTeX Font Info:    Overwriting math alphabet `\mathfrak' in version `bold'
(Font)                  U/euf/m/n --> U/euf/b/n on input line 106.
)))
(/Users/jihu/Library/TinyTeX/texmf-dist/tex/latex/beamer/beamerbasetranslator.s
ty (/Users/jihu/Library/TinyTeX/texmf-dist/tex/latex/translator/translator.sty
Package: translator 2021-05-31 v1.12d Easy translation of strings in LaTeX
)) (/Users/jihu/Library/TinyTeX/texmf-dist/tex/latex/beamer/beamerbasemisc.sty)

(/Users/jihu/Library/TinyTeX/texmf-dist/tex/latex/beamer/beamerbasetwoscreens.s
ty) (/Users/jihu/Library/TinyTeX/texmf-dist/tex/latex/beamer/beamerbaseoverlay.
sty
\beamer@argscount=\count299
\beamer@lastskipcover=\skip50
\beamer@trivlistdepth=\count300
) (/Users/jihu/Library/TinyTeX/texmf-dist/tex/latex/beamer/beamerbasetitle.sty)
(/Users/jihu/Library/TinyTeX/texmf-dist/tex/latex/beamer/beamerbasesection.sty
\c@lecture=\count301
\c@part=\count302
\c@section=\count303
\c@subsection=\count304
\c@subsubsection=\count305
) (/Users/jihu/Library/TinyTeX/texmf-dist/tex/latex/beamer/beamerbaseframe.sty
\beamer@framebox=\box65
\beamer@frametitlebox=\box66
\beamer@zoombox=\box67
\beamer@zoomcount=\count306
\beamer@zoomframecount=\count307
\beamer@frametextheight=\dimen261
\c@subsectionslide=\count308
\beamer@frametopskip=\skip51
\beamer@framebottomskip=\skip52
\beamer@frametopskipautobreak=\skip53
\beamer@framebottomskipautobreak=\skip54
\beamer@envbody=\toks29
\framewidth=\dimen262
\c@framenumber=\count309
)
(/Users/jihu/Library/TinyTeX/texmf-dist/tex/latex/beamer/beamerbaseverbatim.sty
\beamer@verbatimfileout=\write4
)
(/Users/jihu/Library/TinyTeX/texmf-dist/tex/latex/beamer/beamerbaseframesize.st
y
\beamer@splitbox=\box68
\beamer@autobreakcount=\count310
\beamer@autobreaklastheight=\dimen263
\beamer@frametitletoks=\toks30
\beamer@framesubtitletoks=\toks31
)
(/Users/jihu/Library/TinyTeX/texmf-dist/tex/latex/beamer/beamerbaseframecompone
nts.sty
\beamer@footins=\box69
) (/Users/jihu/Library/TinyTeX/texmf-dist/tex/latex/beamer/beamerbasecolor.sty)
(/Users/jihu/Library/TinyTeX/texmf-dist/tex/latex/beamer/beamerbasenotes.sty
\beamer@frameboxcopy=\box70
) (/Users/jihu/Library/TinyTeX/texmf-dist/tex/latex/beamer/beamerbasetoc.sty)
(/Users/jihu/Library/TinyTeX/texmf-dist/tex/latex/beamer/beamerbasetemplates.st
y
\beamer@sbttoks=\toks32

(/Users/jihu/Library/TinyTeX/texmf-dist/tex/latex/beamer/beamerbaseauxtemplates
.sty (/Users/jihu/Library/TinyTeX/texmf-dist/tex/latex/beamer/beamerbaseboxes.s
ty
\bmb@box=\box71
\bmb@colorbox=\box72
\bmb@boxwidth=\dimen264
\bmb@boxheight=\dimen265
\bmb@prevheight=\dimen266
\bmb@temp=\dimen267
\bmb@dima=\dimen268
\bmb@dimb=\dimen269
\bmb@prevheight=\dimen270
)
\beamer@blockheadheight=\dimen271
))
(/Users/jihu/Library/TinyTeX/texmf-dist/tex/latex/beamer/beamerbaselocalstructu
re.sty (/Users/jihu/Library/TinyTeX/texmf-dist/tex/latex/tools/enumerate.sty
Package: enumerate 2015/07/23 v3.00 enumerate extensions (DPC)
\@enLab=\toks33
)
\beamer@bibiconwidth=\skip55
\c@figure=\count311
\c@table=\count312
\abovecaptionskip=\skip56
\belowcaptionskip=\skip57
)
(/Users/jihu/Library/TinyTeX/texmf-dist/tex/latex/beamer/beamerbasenavigation.s
ty
\beamer@section@min@dim=\dimen272
)
(/Users/jihu/Library/TinyTeX/texmf-dist/tex/latex/beamer/beamerbasetheorems.sty
(/Users/jihu/Library/TinyTeX/texmf-dist/tex/latex/amsmath/amsmath.sty
Package: amsmath 2021/04/20 v2.17j AMS math features
\@mathmargin=\skip58
For additional information on amsmath, use the `?' option.
(/Users/jihu/Library/TinyTeX/texmf-dist/tex/latex/amsmath/amstext.sty
Package: amstext 2000/06/29 v2.01 AMS text
(/Users/jihu/Library/TinyTeX/texmf-dist/tex/latex/amsmath/amsgen.sty
File: amsgen.sty 1999/11/30 v2.0 generic functions
\@emptytoks=\toks34
\ex@=\dimen273
)) (/Users/jihu/Library/TinyTeX/texmf-dist/tex/latex/amsmath/amsbsy.sty
Package: amsbsy 1999/11/29 v1.2d Bold Symbols
\pmbraise@=\dimen274
) (/Users/jihu/Library/TinyTeX/texmf-dist/tex/latex/amsmath/amsopn.sty
Package: amsopn 2016/03/08 v2.02 operator names
)
\inf@bad=\count313
LaTeX Info: Redefining \frac on input line 234.
\uproot@=\count314
\leftroot@=\count315
LaTeX Info: Redefining \overline on input line 399.
\classnum@=\count316
\DOTSCASE@=\count317
LaTeX Info: Redefining \ldots on input line 496.
LaTeX Info: Redefining \dots on input line 499.
LaTeX Info: Redefining \cdots on input line 620.
\Mathstrutbox@=\box73
\strutbox@=\box74
\big@size=\dimen275
LaTeX Font Info:    Redeclaring font encoding OML on input line 743.
LaTeX Font Info:    Redeclaring font encoding OMS on input line 744.
\macc@depth=\count318
\c@MaxMatrixCols=\count319
\dotsspace@=\muskip17
\c@parentequation=\count320
\dspbrk@lvl=\count321
\tag@help=\toks35
\row@=\count322
\column@=\count323
\maxfields@=\count324
\andhelp@=\toks36
\eqnshift@=\dimen276
\alignsep@=\dimen277
\tagshift@=\dimen278
\tagwidth@=\dimen279
\totwidth@=\dimen280
\lineht@=\dimen281
\@envbody=\toks37
\multlinegap=\skip59
\multlinetaggap=\skip60
\mathdisplay@stack=\toks38
LaTeX Info: Redefining \[ on input line 2923.
LaTeX Info: Redefining \] on input line 2924.
) (/Users/jihu/Library/TinyTeX/texmf-dist/tex/latex/amscls/amsthm.sty
Package: amsthm 2020/05/29 v2.20.6
\thm@style=\toks39
\thm@bodyfont=\toks40
\thm@headfont=\toks41
\thm@notefont=\toks42
\thm@headpunct=\toks43
\thm@preskip=\skip61
\thm@postskip=\skip62
\thm@headsep=\skip63
\dth@everypar=\toks44
)
\c@theorem=\count325
) (/Users/jihu/Library/TinyTeX/texmf-dist/tex/latex/beamer/beamerbasethemes.sty
))
(/Users/jihu/Library/TinyTeX/texmf-dist/tex/latex/beamer/beamerthemedefault.sty

(/Users/jihu/Library/TinyTeX/texmf-dist/tex/latex/beamer/beamerfontthemedefault
.sty)
(/Users/jihu/Library/TinyTeX/texmf-dist/tex/latex/beamer/beamercolorthemedefaul
t.sty)
(/Users/jihu/Library/TinyTeX/texmf-dist/tex/latex/beamer/beamerinnerthemedefaul
t.sty
\beamer@dima=\dimen282
\beamer@dimb=\dimen283
)
(/Users/jihu/Library/TinyTeX/texmf-dist/tex/latex/beamer/beamerouterthemedefaul
t.sty))) (/Users/jihu/Library/TinyTeX/texmf-dist/tex/latex/pgf/utilities/pgfpag
es.sty
Package: pgfpages 2011/01/05 ver 0.02
(/Users/jihu/Library/TinyTeX/texmf-dist/tex/latex/tools/calc.sty
Package: calc 2017/05/25 v4.3 Infix arithmetic (KKT,FJ)
\calc@Acount=\count326
\calc@Bcount=\count327
\calc@Adimen=\dimen284
\calc@Bdimen=\dimen285
\calc@Askip=\skip64
\calc@Bskip=\skip65
LaTeX Info: Redefining \setlength on input line 80.
LaTeX Info: Redefining \addtolength on input line 81.
\calc@Ccount=\count328
\calc@Cskip=\skip66
)
\pgf@logicalpages=\count329
\pgf@firstshipout=\count330
\pgf@lastshipout=\count331
\pgf@currentshipout=\count332
\pgf@cpn=\count333
\pgf@shipoutnextto=\count334
\pgfphysicalheight=\dimen286
\pgfphysicalwidth=\dimen287
\pgfpages@shipoutbox=\box75
) (/Users/jihu/Library/TinyTeX/texmf-dist/tex/latex/lm/lmodern.sty
Package: lmodern 2015/05/01 v1.6.1 Latin Modern Fonts
LaTeX Font Info:    Overwriting symbol font `operators' in version `normal'
(Font)                  OT1/cmr/m/n --> OT1/lmr/m/n on input line 22.
LaTeX Font Info:    Overwriting symbol font `letters' in version `normal'
(Font)                  OML/cmm/m/it --> OML/lmm/m/it on input line 23.
LaTeX Font Info:    Overwriting symbol font `symbols' in version `normal'
(Font)                  OMS/cmsy/m/n --> OMS/lmsy/m/n on input line 24.
LaTeX Font Info:    Overwriting symbol font `largesymbols' in version `normal'
(Font)                  OMX/cmex/m/n --> OMX/lmex/m/n on input line 25.
LaTeX Font Info:    Overwriting symbol font `operators' in version `bold'
(Font)                  OT1/cmr/bx/n --> OT1/lmr/bx/n on input line 26.
LaTeX Font Info:    Overwriting symbol font `letters' in version `bold'
(Font)                  OML/cmm/b/it --> OML/lmm/b/it on input line 27.
LaTeX Font Info:    Overwriting symbol font `symbols' in version `bold'
(Font)                  OMS/cmsy/b/n --> OMS/lmsy/b/n on input line 28.
LaTeX Font Info:    Overwriting symbol font `largesymbols' in version `bold'
(Font)                  OMX/cmex/m/n --> OMX/lmex/m/n on input line 29.
LaTeX Font Info:    Overwriting math alphabet `\mathbf' in version `normal'
(Font)                  OT1/cmr/bx/n --> OT1/lmr/bx/n on input line 31.
LaTeX Font Info:    Overwriting math alphabet `\mathsf' in version `normal'
(Font)                  OT1/cmss/m/n --> OT1/lmss/m/n on input line 32.
LaTeX Font Info:    Overwriting math alphabet `\mathit' in version `normal'
(Font)                  OT1/cmr/m/it --> OT1/lmr/m/it on input line 33.
LaTeX Font Info:    Overwriting math alphabet `\mathtt' in version `normal'
(Font)                  OT1/cmtt/m/n --> OT1/lmtt/m/n on input line 34.
LaTeX Font Info:    Overwriting math alphabet `\mathbf' in version `bold'
(Font)                  OT1/cmr/bx/n --> OT1/lmr/bx/n on input line 35.
LaTeX Font Info:    Overwriting math alphabet `\mathsf' in version `bold'
(Font)                  OT1/cmss/bx/n --> OT1/lmss/bx/n on input line 36.
LaTeX Font Info:    Overwriting math alphabet `\mathit' in version `bold'
(Font)                  OT1/cmr/bx/it --> OT1/lmr/bx/it on input line 37.
LaTeX Font Info:    Overwriting math alphabet `\mathtt' in version `bold'
(Font)                  OT1/cmtt/m/n --> OT1/lmtt/m/n on input line 38.
) (/Users/jihu/Library/TinyTeX/texmf-dist/tex/generic/iftex/ifxetex.sty
Package: ifxetex 2019/10/25 v0.7 ifxetex legacy package. Use iftex instead.
) (/Users/jihu/Library/TinyTeX/texmf-dist/tex/generic/iftex/ifluatex.sty
Package: ifluatex 2019/10/25 v1.5 ifluatex legacy package. Use iftex instead.
) (/Users/jihu/Library/TinyTeX/texmf-dist/tex/latex/base/fontenc.sty
Package: fontenc 2021/04/29 v2.0v Standard LaTeX package
LaTeX Font Info:    Trying to load font information for T1+lmss on input line 1
12.
(/Users/jihu/Library/TinyTeX/texmf-dist/tex/latex/lm/t1lmss.fd
File: t1lmss.fd 2015/05/01 v1.6.1 Font defs for Latin Modern
)) (/Users/jihu/Library/TinyTeX/texmf-dist/tex/latex/base/inputenc.sty
Package: inputenc 2021/02/14 v1.3d Input encoding file
\inpenc@prehook=\toks45
\inpenc@posthook=\toks46
) (/Users/jihu/Library/TinyTeX/texmf-dist/tex/latex/base/textcomp.sty
Package: textcomp 2020/02/02 v2.0n Standard LaTeX package
) (/Users/jihu/Library/TinyTeX/texmf-dist/tex/latex/upquote/upquote.sty
Package: upquote 2012/04/19 v1.3 upright-quote and grave-accent glyphs in verba
tim
) (/Users/jihu/Library/TinyTeX/texmf-dist/tex/latex/fancyvrb/fancyvrb.sty
Package: fancyvrb 2021/08/12 v3.8 verbatim text (tvz,hv)
\FV@CodeLineNo=\count335
\FV@InFile=\read3
\FV@TabBox=\box76
\c@FancyVerbLine=\count336
\FV@StepNumber=\count337
\FV@OutFile=\write5
) (/Users/jihu/Library/TinyTeX/texmf-dist/tex/latex/framed/framed.sty
Package: framed 2011/10/22 v 0.96: framed or shaded text with page breaks
\OuterFrameSep=\skip67
\fb@frw=\dimen288
\fb@frh=\dimen289
\FrameRule=\dimen290
\FrameSep=\dimen291
) (/Users/jihu/Library/TinyTeX/texmf-dist/tex/latex/tools/longtable.sty
Package: longtable 2021-05-07 v4.16 Multi-page Table package (DPC)
\LTleft=\skip68
\LTright=\skip69
\LTpre=\skip70
\LTpost=\skip71
\LTchunksize=\count338
\LTcapwidth=\dimen292
\LT@head=\box77
\LT@firsthead=\box78
\LT@foot=\box79
\LT@lastfoot=\box80
\LT@gbox=\box81
\LT@cols=\count339
\LT@rows=\count340
\c@LT@tables=\count341
\c@LT@chunks=\count342
\LT@p@ftn=\toks47
) (/Users/jihu/Library/TinyTeX/texmf-dist/tex/latex/booktabs/booktabs.sty
Package: booktabs 2020/01/12 v1.61803398 Publication quality tables
\heavyrulewidth=\dimen293
\lightrulewidth=\dimen294
\cmidrulewidth=\dimen295
\belowrulesep=\dimen296
\belowbottomsep=\dimen297
\aboverulesep=\dimen298
\abovetopsep=\dimen299
\cmidrulesep=\dimen300
\cmidrulekern=\dimen301
\defaultaddspace=\dimen302
\@cmidla=\count343
\@cmidlb=\count344
\@aboverulesep=\dimen303
\@belowrulesep=\dimen304
\@thisruleclass=\count345
\@lastruleclass=\count346
\@thisrulewidth=\dimen305
) (/Users/jihu/Library/TinyTeX/texmf-dist/tex/latex/caption/caption.sty
Package: caption 2020/10/26 v3.5g Customizing captions (AR)
(/Users/jihu/Library/TinyTeX/texmf-dist/tex/latex/caption/caption3.sty
Package: caption3 2020/10/21 v2.2e caption3 kernel (AR)
\captionmargin=\dimen306
\captionmargin@=\dimen307
\captionwidth=\dimen308
\caption@tempdima=\dimen309
\caption@indent=\dimen310
\caption@parindent=\dimen311
\caption@hangindent=\dimen312
Package caption Info: beamer document class detected.
(/Users/jihu/Library/TinyTeX/texmf-dist/tex/latex/caption/caption-beamer.sto
File: caption-beamer.sto 2020/08/22 v2.0 Adaption of the caption package to the
 beamer document classes (AR)
))
\c@caption@flags=\count347
\c@continuedfloat=\count348
Package caption Info: hyperref package is loaded.
Package caption Info: Hyperref support is turned off
(caption)             because hyperref has stopped early.
Package caption Info: longtable package is loaded.
(/Users/jihu/Library/TinyTeX/texmf-dist/tex/latex/caption/ltcaption.sty
Package: ltcaption 2020/05/30 v1.4b longtable captions (AR)
)) (/Users/jihu/Library/TinyTeX/texmf-dist/tex/latex/grffile/grffile.sty
Package: grffile 2019/11/11 v2.1 Extended file name support for graphics (legac
y)
Package grffile Info: This package is an empty stub for compatibility on input 
line 40.
) (/Users/jihu/Library/TinyTeX/texmf-dist/tex/latex/subfigure/subfigure.sty
Package: subfigure 2002/03/15 v2.1.5 subfigure package
\subfigtopskip=\skip72
\subfigcapskip=\skip73
\subfigcaptopadj=\dimen313
\subfigbottomskip=\skip74
\subfigcapmargin=\dimen314
\subfiglabelskip=\skip75
\c@subfigure=\count349
\c@lofdepth=\count350
\c@subtable=\count351
\c@lotdepth=\count352
****************************************
* Local config file subfigure.cfg used *
****************************************
(/Users/jihu/Library/TinyTeX/texmf-dist/tex/latex/subfigure/subfigure.cfg)
\subfig@top=\skip76
\subfig@bottom=\skip77
) (/Users/jihu/Library/TinyTeX/texmf-dist/tex/latex/psnfss/pifont.sty
Package: pifont 2020/03/25 PSNFSS-v9.3 Pi font support (SPQR) 
LaTeX Font Info:    Trying to load font information for U+pzd on input line 63.

(/Users/jihu/Library/TinyTeX/texmf-dist/tex/latex/psnfss/upzd.fd
File: upzd.fd 2001/06/04 font definitions for U/pzd.
)
LaTeX Font Info:    Trying to load font information for U+psy on input line 64.

(/Users/jihu/Library/TinyTeX/texmf-dist/tex/latex/psnfss/upsy.fd
File: upsy.fd 2001/06/04 font definitions for U/psy.
)) (/Users/jihu/Library/TinyTeX/texmf-dist/tex/latex/pgf/basiclayer/pgf.sty
Package: pgf 2021/05/15 v3.1.9a (3.1.9a)

(/Users/jihu/Library/TinyTeX/texmf-dist/tex/generic/pgf/modules/pgfmoduleshapes
.code.tex
File: pgfmoduleshapes.code.tex 2021/05/15 v3.1.9a (3.1.9a)
\pgfnodeparttextbox=\box82
)
(/Users/jihu/Library/TinyTeX/texmf-dist/tex/generic/pgf/modules/pgfmoduleplot.c
ode.tex
File: pgfmoduleplot.code.tex 2021/05/15 v3.1.9a (3.1.9a)
)
(/Users/jihu/Library/TinyTeX/texmf-dist/tex/latex/pgf/compatibility/pgfcomp-ver
sion-0-65.sty
Package: pgfcomp-version-0-65 2021/05/15 v3.1.9a (3.1.9a)
\pgf@nodesepstart=\dimen315
\pgf@nodesepend=\dimen316
)
(/Users/jihu/Library/TinyTeX/texmf-dist/tex/latex/pgf/compatibility/pgfcomp-ver
sion-1-18.sty
Package: pgfcomp-version-1-18 2021/05/15 v3.1.9a (3.1.9a)
))
(/Users/jihu/Library/TinyTeX/texmf-dist/tex/latex/pgf/compatibility/pgfarrows.s
ty
Package: pgfarrows 2021/05/15 v3.1.9a (3.1.9a)

Package pgfarrows Warning: This package is obsolete. pgf.sty will load arrow ma
nagement automatically on input line 17.

)
(/Users/jihu/Library/TinyTeX/texmf-dist/tex/latex/pgf/compatibility/pgfnodes.st
y
Package: pgfnodes 2021/05/15 v3.1.9a (3.1.9a)

Package pgfnodes Warning: This package is obsolete. pgf.sty will load node mana
gement automatically on input line 17.

) (/Users/jihu/Library/TinyTeX/texmf-dist/tex/generic/babel/babel.sty
Package: babel 2021/07/22 3.63 The Babel package
(/Users/jihu/Library/TinyTeX/texmf-dist/tex/generic/babel/babel.def
File: babel.def 2021/07/22 3.63 Babel common definitions
\babel@savecnt=\count353
\U@D=\dimen317
\l@unhyphenated=\language3
(/Users/jihu/Library/TinyTeX/texmf-dist/tex/generic/babel/txtbabel.def)
\bbl@readstream=\read4
)
LaTeX Info: Redefining \textlatin on input line 730.
\bbl@dirlevel=\count354
(/Users/jihu/Library/TinyTeX/texmf-dist/tex/generic/babel-english/english.ldf
Language: english 2017/06/06 v3.3r English support from the babel system
Package babel Info: Hyphen rules for 'british' set to \l@english
(babel)             (\language0). Reported on input line 82.
Package babel Info: Hyphen rules for 'UKenglish' set to \l@english
(babel)             (\language0). Reported on input line 83.
Package babel Info: Hyphen rules for 'canadian' set to \l@english
(babel)             (\language0). Reported on input line 102.
Package babel Info: Hyphen rules for 'australian' set to \l@english
(babel)             (\language0). Reported on input line 105.
Package babel Info: Hyphen rules for 'newzealand' set to \l@english
(babel)             (\language0). Reported on input line 108.
)) (/Users/jihu/Library/TinyTeX/texmf-dist/tex/latex/natbib/natbib.sty
Package: natbib 2010/09/13 8.31b (PWD, AO)
\bibhang=\skip78
\bibsep=\skip79
LaTeX Info: Redefining \cite on input line 694.
\c@NAT@ctr=\count355
) (/Users/jihu/Library/TinyTeX/texmf-dist/tex/latex/beamer/multimedia.sty
Package: multimedia 2012/05/02 ver 0.02
\mm@movie=\count356
) (/Users/jihu/Library/TinyTeX/texmf-dist/tex/latex/amsfonts/eucal.sty
Package: eucal 2009/06/22 v3.00 Euler Script fonts
LaTeX Font Info:    Overwriting math alphabet `\EuScript' in version `bold'
(Font)                  U/eus/m/n --> U/eus/b/n on input line 33.
) (/Users/jihu/Library/TinyTeX/texmf-dist/tex/latex/base/latexsym.sty
Package: latexsym 1998/08/17 v2.2e Standard LaTeX package (lasy symbols)
\symlasy=\mathgroup6
LaTeX Font Info:    Overwriting symbol font `lasy' in version `bold'
(Font)                  U/lasy/m/n --> U/lasy/b/n on input line 52.
) (/Users/jihu/Library/TinyTeX/texmf-dist/tex/latex/jknapltx/mathrsfs.sty
Package: mathrsfs 1996/01/01 Math RSFS package v1.0 (jk)
\symrsfs=\mathgroup7
) (/Users/jihu/Library/TinyTeX/texmf-dist/tex/generic/ulem/ulem.sty
\UL@box=\box83
\UL@hyphenbox=\box84
\UL@skip=\skip80
\UL@hook=\toks48
\UL@height=\dimen318
\UL@pe=\count357
\UL@pixel=\dimen319
\ULC@box=\box85
Package: ulem 2019/11/18
\ULdepth=\dimen320
) (/Users/jihu/Library/TinyTeX/texmf-dist/tex/latex/setspace/setspace.sty
Package: setspace 2011/12/19 v6.7a set line spacing
) (/Users/jihu/Library/TinyTeX/texmf-dist/tex/latex/tools/array.sty
Package: array 2021/04/20 v2.5e Tabular extension package (FMi)
\col@sep=\dimen321
\ar@mcellbox=\box86
\extrarowheight=\dimen322
\NC@list=\toks49
\extratabsurround=\skip81
\backup@length=\skip82
\ar@cellbox=\box87
) (/Users/jihu/Library/TinyTeX/texmf-dist/tex/latex/multirow/multirow.sty
Package: multirow 2021/03/15 v2.8 Span multiple rows of a table
\multirow@colwidth=\skip83
\multirow@cntb=\count358
\multirow@dima=\skip84
\bigstrutjot=\dimen323
)
Package hyperref Info: Option `colorlinks' set `true' on input line 171.
\c@defn=\count359

(/Users/jihu/Library/TinyTeX/texmf-dist/tex/latex/beamer/beamercolorthemestruct
ure.sty)
(/Users/jihu/Library/TinyTeX/texmf-dist/tex/latex/beamer/beamerthemeBoadilla.st
y
(/Users/jihu/Library/TinyTeX/texmf-dist/tex/latex/beamer/beamercolorthemerose.s
ty)
(/Users/jihu/Library/TinyTeX/texmf-dist/tex/latex/beamer/beamerinnerthemerounde
d.sty)
(/Users/jihu/Library/TinyTeX/texmf-dist/tex/latex/beamer/beamercolorthemedolphi
n.sty)
(/Users/jihu/Library/TinyTeX/texmf-dist/tex/latex/beamer/beamerouterthemeinfoli
nes.sty))
\c@assumption=\count360

(/Users/jihu/Library/TinyTeX/texmf-dist/tex/latex/l3backend/l3backend-pdftex.de
f
File: l3backend-pdftex.def 2021-08-04 L3 backend support: PDF output (pdfTeX)
\l__color_backend_stack_int=\count361
\l__pdf_internal_box=\box88
) (./F21MATH301_BayesianModelingIntroPart2.aux)
\openout1 = `F21MATH301_BayesianModelingIntroPart2.aux'.

LaTeX Font Info:    Checking defaults for OML/cmm/m/it on input line 414.
LaTeX Font Info:    ... okay on input line 414.
LaTeX Font Info:    Checking defaults for OMS/cmsy/m/n on input line 414.
LaTeX Font Info:    ... okay on input line 414.
LaTeX Font Info:    Checking defaults for OT1/cmr/m/n on input line 414.
LaTeX Font Info:    ... okay on input line 414.
LaTeX Font Info:    Checking defaults for T1/cmr/m/n on input line 414.
LaTeX Font Info:    ... okay on input line 414.
LaTeX Font Info:    Checking defaults for TS1/cmr/m/n on input line 414.
LaTeX Font Info:    ... okay on input line 414.
LaTeX Font Info:    Checking defaults for OMX/cmex/m/n on input line 414.
LaTeX Font Info:    ... okay on input line 414.
LaTeX Font Info:    Checking defaults for U/cmr/m/n on input line 414.
LaTeX Font Info:    ... okay on input line 414.
LaTeX Font Info:    Checking defaults for PD1/pdf/m/n on input line 414.
LaTeX Font Info:    ... okay on input line 414.
LaTeX Font Info:    Checking defaults for PU/pdf/m/n on input line 414.
LaTeX Font Info:    ... okay on input line 414.
*geometry* driver: auto-detecting
*geometry* detected driver: pdftex
*geometry* verbose mode - [ preamble ] result:
* driver: pdftex
* paper: custom
* layout: <same size as paper>
* layoutoffset:(h,v)=(0.0pt,0.0pt)
* modes: includehead includefoot 
* h-part:(L,W,R)=(10.95pt, 342.29536pt, 10.95pt)
* v-part:(T,H,B)=(0.0pt, 273.14662pt, 0.0pt)
* \paperwidth=364.19536pt
* \paperheight=273.14662pt
* \textwidth=342.29536pt
* \textheight=244.6939pt
* \oddsidemargin=-61.31999pt
* \evensidemargin=-61.31999pt
* \topmargin=-72.26999pt
* \headheight=14.22636pt
* \headsep=0.0pt
* \topskip=11.0pt
* \footskip=14.22636pt
* \marginparwidth=4.0pt
* \marginparsep=10.0pt
* \columnsep=10.0pt
* \skip\footins=10.0pt plus 4.0pt minus 2.0pt
* \hoffset=0.0pt
* \voffset=0.0pt
* \mag=1000
* \@twocolumnfalse
* \@twosidefalse
* \@mparswitchfalse
* \@reversemarginfalse
* (1in=72.27pt=25.4mm, 1cm=28.453pt)


(/Users/jihu/Library/TinyTeX/texmf-dist/tex/latex/epstopdf-pkg/epstopdf-base.st
y
Package: epstopdf-base 2020-01-24 v2.11 Base part for package epstopdf
Package epstopdf-base Info: Redefining graphics rule for `.eps' on input line 4
85.
(/Users/jihu/Library/TinyTeX/texmf-dist/tex/latex/latexconfig/epstopdf-sys.cfg
File: epstopdf-sys.cfg 2010/07/13 v1.3 Configuration of (r)epstopdf for TeX Liv
e
))
Package hyperref Info: Link coloring ON on input line 414.
(/Users/jihu/Library/TinyTeX/texmf-dist/tex/latex/hyperref/nameref.sty
Package: nameref 2021-04-02 v2.47 Cross-referencing by name of section
(/Users/jihu/Library/TinyTeX/texmf-dist/tex/latex/refcount/refcount.sty
Package: refcount 2019/12/15 v3.6 Data extraction from label references (HO)
)
(/Users/jihu/Library/TinyTeX/texmf-dist/tex/generic/gettitlestring/gettitlestri
ng.sty
Package: gettitlestring 2019/12/15 v1.6 Cleanup title references (HO)
)
\c@section@level=\count362
)
LaTeX Info: Redefining \ref on input line 414.
LaTeX Info: Redefining \pageref on input line 414.
LaTeX Info: Redefining \nameref on input line 414.
(./F21MATH301_BayesianModelingIntroPart2.out) (./F21MATH301_BayesianModelingInt
roPart2.out)
\@outlinefile=\write6
\openout6 = `F21MATH301_BayesianModelingIntroPart2.out'.

LaTeX Font Info:    Overwriting symbol font `operators' in version `normal'
(Font)                  OT1/lmr/m/n --> OT1/cmss/m/n on input line 414.
LaTeX Font Info:    Overwriting symbol font `operators' in version `bold'
(Font)                  OT1/lmr/bx/n --> OT1/cmss/b/n on input line 414.
LaTeX Font Info:    Overwriting symbol font `operators' in version `normal'
(Font)                  OT1/cmss/m/n --> OT1/lmss/m/n on input line 414.
LaTeX Font Info:    Overwriting symbol font `operators' in version `bold'
(Font)                  OT1/cmss/b/n --> OT1/lmss/b/n on input line 414.
\symnumbers=\mathgroup8
\sympureletters=\mathgroup9
LaTeX Font Info:    Overwriting math alphabet `\mathrm' in version `normal'
(Font)                  OT1/lmss/m/n --> T1/lmr/m/n on input line 414.
LaTeX Font Info:    Redeclaring math alphabet \mathbf on input line 414.
LaTeX Font Info:    Overwriting math alphabet `\mathbf' in version `normal'
(Font)                  OT1/lmr/bx/n --> T1/lmss/b/n on input line 414.
LaTeX Font Info:    Overwriting math alphabet `\mathbf' in version `bold'
(Font)                  OT1/lmr/bx/n --> T1/lmss/b/n on input line 414.
LaTeX Font Info:    Redeclaring math alphabet \mathsf on input line 414.
LaTeX Font Info:    Overwriting math alphabet `\mathsf' in version `normal'
(Font)                  OT1/lmss/m/n --> T1/lmss/m/n on input line 414.
LaTeX Font Info:    Overwriting math alphabet `\mathsf' in version `bold'
(Font)                  OT1/lmss/bx/n --> T1/lmss/m/n on input line 414.
LaTeX Font Info:    Redeclaring math alphabet \mathit on input line 414.
LaTeX Font Info:    Overwriting math alphabet `\mathit' in version `normal'
(Font)                  OT1/lmr/m/it --> T1/lmss/m/it on input line 414.
LaTeX Font Info:    Overwriting math alphabet `\mathit' in version `bold'
(Font)                  OT1/lmr/bx/it --> T1/lmss/m/it on input line 414.
LaTeX Font Info:    Redeclaring math alphabet \mathtt on input line 414.
LaTeX Font Info:    Overwriting math alphabet `\mathtt' in version `normal'
(Font)                  OT1/lmtt/m/n --> T1/lmtt/m/n on input line 414.
LaTeX Font Info:    Overwriting math alphabet `\mathtt' in version `bold'
(Font)                  OT1/lmtt/m/n --> T1/lmtt/m/n on input line 414.
LaTeX Font Info:    Overwriting symbol font `numbers' in version `bold'
(Font)                  T1/lmss/m/n --> T1/lmss/b/n on input line 414.
LaTeX Font Info:    Overwriting symbol font `pureletters' in version `bold'
(Font)                  T1/lmss/m/it --> T1/lmss/b/it on input line 414.
LaTeX Font Info:    Overwriting math alphabet `\mathrm' in version `bold'
(Font)                  OT1/lmss/b/n --> T1/lmr/b/n on input line 414.
LaTeX Font Info:    Overwriting math alphabet `\mathbf' in version `bold'
(Font)                  T1/lmss/b/n --> T1/lmss/b/n on input line 414.
LaTeX Font Info:    Overwriting math alphabet `\mathsf' in version `bold'
(Font)                  T1/lmss/m/n --> T1/lmss/b/n on input line 414.
LaTeX Font Info:    Overwriting math alphabet `\mathit' in version `bold'
(Font)                  T1/lmss/m/it --> T1/lmss/b/it on input line 414.
LaTeX Font Info:    Overwriting math alphabet `\mathtt' in version `bold'
(Font)                  T1/lmtt/m/n --> T1/lmtt/b/n on input line 414.

(/Users/jihu/Library/TinyTeX/texmf-dist/tex/latex/translator/translator-basic-d
ictionary-English.dict
Dictionary: translator-basic-dictionary, Language: English 
)
(/Users/jihu/Library/TinyTeX/texmf-dist/tex/latex/translator/translator-bibliog
raphy-dictionary-English.dict
Dictionary: translator-bibliography-dictionary, Language: English 
)
(/Users/jihu/Library/TinyTeX/texmf-dist/tex/latex/translator/translator-environ
ment-dictionary-English.dict
Dictionary: translator-environment-dictionary, Language: English 
)
(/Users/jihu/Library/TinyTeX/texmf-dist/tex/latex/translator/translator-months-
dictionary-English.dict
Dictionary: translator-months-dictionary, Language: English 
)
(/Users/jihu/Library/TinyTeX/texmf-dist/tex/latex/translator/translator-numbers
-dictionary-English.dict
Dictionary: translator-numbers-dictionary, Language: English 
)
(/Users/jihu/Library/TinyTeX/texmf-dist/tex/latex/translator/translator-theorem
-dictionary-English.dict
Dictionary: translator-theorem-dictionary, Language: English 
)
Package caption Info: Begin \AtBeginDocument code.
Package caption Info: subfigure package is loaded.
Package caption Info: End \AtBeginDocument code.
(./F21MATH301_BayesianModelingIntroPart2.nav) [1

{/Users/jihu/Library/TinyTeX/texmf-var/fonts/map/pdftex/updmap/pdftex.map}] (./
F21MATH301_BayesianModelingIntroPart2.toc) [2

] (./F21MATH301_BayesianModelingIntroPart2.toc) [3

]
LaTeX Font Info:    Trying to load font information for OT1+lmss on input line 
456.
(/Users/jihu/Library/TinyTeX/texmf-dist/tex/latex/lm/ot1lmss.fd
File: ot1lmss.fd 2015/05/01 v1.6.1 Font defs for Latin Modern
)
LaTeX Font Info:    Trying to load font information for OML+lmm on input line 4
56.
(/Users/jihu/Library/TinyTeX/texmf-dist/tex/latex/lm/omllmm.fd
File: omllmm.fd 2015/05/01 v1.6.1 Font defs for Latin Modern
)
LaTeX Font Info:    Trying to load font information for OMS+lmsy on input line 
456.
(/Users/jihu/Library/TinyTeX/texmf-dist/tex/latex/lm/omslmsy.fd
File: omslmsy.fd 2015/05/01 v1.6.1 Font defs for Latin Modern
)
LaTeX Font Info:    Trying to load font information for OMX+lmex on input line 
456.
(/Users/jihu/Library/TinyTeX/texmf-dist/tex/latex/lm/omxlmex.fd
File: omxlmex.fd 2015/05/01 v1.6.1 Font defs for Latin Modern
)
LaTeX Font Info:    External font `lmex10' loaded for size
(Font)              <6> on input line 456.
LaTeX Font Info:    External font `lmex10' loaded for size
(Font)              <5> on input line 456.
LaTeX Font Info:    Trying to load font information for U+msa on input line 456
.
(/Users/jihu/Library/TinyTeX/texmf-dist/tex/latex/amsfonts/umsa.fd
File: umsa.fd 2013/01/14 v3.01 AMS symbols A
)
LaTeX Font Info:    Trying to load font information for U+msb on input line 456
.
(/Users/jihu/Library/TinyTeX/texmf-dist/tex/latex/amsfonts/umsb.fd
File: umsb.fd 2013/01/14 v3.01 AMS symbols B
)
LaTeX Font Info:    Trying to load font information for U+lasy on input line 45
6.
(/Users/jihu/Library/TinyTeX/texmf-dist/tex/latex/base/ulasy.fd
File: ulasy.fd 1998/08/17 v2.2e LaTeX symbol font definitions
)
LaTeX Font Info:    Trying to load font information for U+rsfs on input line 45
6.
(/Users/jihu/Library/TinyTeX/texmf-dist/tex/latex/jknapltx/ursfs.fd
File: ursfs.fd 1998/03/24 rsfs font definition file (jk)
)
LaTeX Font Info:    Font shape `T1/lmss/m/it' in size <6> not available
(Font)              Font shape `T1/lmss/m/sl' tried instead on input line 456.
LaTeX Font Info:    Font shape `T1/lmss/m/it' in size <5> not available
(Font)              Font shape `T1/lmss/m/sl' tried instead on input line 456.
[4

] (./F21MATH301_BayesianModelingIntroPart2.toc) [5

]
LaTeX Font Info:    External font `lmex10' loaded for size
(Font)              <10.95> on input line 479.
LaTeX Font Info:    External font `lmex10' loaded for size
(Font)              <8> on input line 479.
LaTeX Font Info:    Font shape `T1/lmss/m/it' in size <10.95> not available
(Font)              Font shape `T1/lmss/m/sl' tried instead on input line 479.
LaTeX Font Info:    Font shape `T1/lmss/m/it' in size <8> not available
(Font)              Font shape `T1/lmss/m/sl' tried instead on input line 479.
[6

]
\openout4 = `F21MATH301_BayesianModelingIntroPart2.vrb'.

(./F21MATH301_BayesianModelingIntroPart2.vrb

Package amsmath Warning: Foreign command \atopwithdelims;
(amsmath)                \frac or \genfrac should be used instead
(amsmath)                 on input line 13.

LaTeX Font Info:    Trying to load font information for T1+lmtt on input line 2
5.
(/Users/jihu/Library/TinyTeX/texmf-dist/tex/latex/lm/t1lmtt.fd
File: t1lmtt.fd 2015/05/01 v1.6.1 Font defs for Latin Modern
)) [7

] (./F21MATH301_BayesianModelingIntroPart2.vrbpdfTeX warning (ext4): destinatio
n with the same identifier (name{beta-binomial-example}) has been already used,
 duplicate ignored
<to be read again> 
                   \relax 
l.2 \protect\hypertarget{beta-binomial-example}{}
                                                 ) [8

] [9

]
LaTeX Font Info:    Trying to load font information for T1+lmr on input line 54
2.
(/Users/jihu/Library/TinyTeX/texmf-dist/tex/latex/lm/t1lmr.fd
File: t1lmr.fd 2015/05/01 v1.6.1 Font defs for Latin Modern
) [10

] [11

] [12

] (./F21MATH301_BayesianModelingIntroPart2.toc) [13

]
\openout4 = `F21MATH301_BayesianModelingIntroPart2.vrb'.

(./F21MATH301_BayesianModelingIntroPart2.vrb
LaTeX Font Info:    Font shape `T1/lmtt/bx/n' in size <10.95> not available
(Font)              Font shape `T1/lmtt/b/n' tried instead on input line 15.
) [14

]
Overfull \vbox (14.57925pt too high) detected at line 683
 []

[15

] [16

] [17

]pdfTeX warning (ext4): destination with the same identifier (name{what-we-atte
mpt-to-answer-in-this-lecture}) has been already used, duplicate ignored
<to be read again> 
                   \relax 
l.740 \end{frame}
                  [18

] [19

]
\openout4 = `F21MATH301_BayesianModelingIntroPart2.vrb'.

(./F21MATH301_BayesianModelingIntroPart2.vrb) [20

] (./F21MATH301_BayesianModelingIntroPart2.vrbpdfTeX warning (ext4): destinatio
n with the same identifier (name{a-gamma-poisson-conjugate-model-poisson-data-m
odel-1}) has been already used, duplicate ignored
<to be read again> 
                   \relax 
l.2 ...son-conjugate-model-poisson-data-model-1}{}
                                                  ) [21

]
<F21MATH301_BayesianModelingIntroPart2_files/figure-beamer/unnamed-chunk-4-1.pd
f, id=234, 423.5825pt x 205.76875pt>
File: F21MATH301_BayesianModelingIntroPart2_files/figure-beamer/unnamed-chunk-4
-1.pdf Graphic file (type pdf)
<use F21MATH301_BayesianModelingIntroPart2_files/figure-beamer/unnamed-chunk-4-
1.pdf>
Package pdftex.def Info: F21MATH301_BayesianModelingIntroPart2_files/figure-bea
mer/unnamed-chunk-4-1.pdf  used on input line 811.
(pdftex.def)             Requested size: 342.30496pt x 166.28557pt.
[22

 <./F21MATH301_BayesianModelingIntroPart2_files/figure-beamer/unnamed-chunk-4-1
.pdf>] [23

]
Overfull \hbox (4.52954pt too wide) detected at line 868
\T1/lmss/m/sl/10.95 Pr\OT1/lmss/m/n/10.95 (\T1/lmss/m/sl/10.95 Y[] \OT1/lmss/m/
n/10.95 = \T1/lmss/m/sl/10.95 y[]\OML/lmm/m/it/10.95 ; []  ; \T1/lmss/m/sl/10.9
5 Y[] \OT1/lmss/m/n/10.95 = \T1/lmss/m/sl/10.95 y[] \OMS/lmsy/m/n/10.95 j \OML/
lmm/m/it/10.95 ^^U\OT1/lmss/m/n/10.95 ) = [] [] = []\OML/lmm/m/it/10.95 :
 []

[24

]pdfTeX warning (ext4): destination with the same identifier (name{a-gamma-pois
son-conjugate-model-the-likelihood-function-1}) has been already used, duplicat
e ignored
<to be read again> 
                   \relax 
l.868 \end{frame}
                 
Overfull \hbox (4.52954pt too wide) detected at line 868
\T1/lmss/m/sl/10.95 Pr\OT1/lmss/m/n/10.95 (\T1/lmss/m/sl/10.95 Y[] \OT1/lmss/m/
n/10.95 = \T1/lmss/m/sl/10.95 y[]\OML/lmm/m/it/10.95 ; []  ; \T1/lmss/m/sl/10.9
5 Y[] \OT1/lmss/m/n/10.95 = \T1/lmss/m/sl/10.95 y[] \OMS/lmsy/m/n/10.95 j \OML/
lmm/m/it/10.95 ^^U\OT1/lmss/m/n/10.95 ) = [] [] = []\OML/lmm/m/it/10.95 :
 []

[25

]pdfTeX warning (ext4): destination with the same identifier (name{a-gamma-pois
son-conjugate-model-the-likelihood-function-1}) has been already used, duplicat
e ignored
<to be read again> 
                   \relax 
l.868 \end{frame}
                 
Overfull \hbox (4.52954pt too wide) detected at line 868
\T1/lmss/m/sl/10.95 Pr\OT1/lmss/m/n/10.95 (\T1/lmss/m/sl/10.95 Y[] \OT1/lmss/m/
n/10.95 = \T1/lmss/m/sl/10.95 y[]\OML/lmm/m/it/10.95 ; []  ; \T1/lmss/m/sl/10.9
5 Y[] \OT1/lmss/m/n/10.95 = \T1/lmss/m/sl/10.95 y[] \OMS/lmsy/m/n/10.95 j \OML/
lmm/m/it/10.95 ^^U\OT1/lmss/m/n/10.95 ) = [] [] = []\OML/lmm/m/it/10.95 :
 []

[26

] [27

]pdfTeX warning (ext4): destination with the same identifier (name{a-gamma-pois
son-conjugate-model-a-gamma-prior}) has been already used, duplicate ignored
<to be read again> 
                   \relax 
l.900 \end{frame}
                  [28

]
<F21MATH301_BayesianModelingIntroPart2_files/figure-beamer/unnamed-chunk-5-1.pd
f, id=299, 423.5825pt x 203.76125pt>
File: F21MATH301_BayesianModelingIntroPart2_files/figure-beamer/unnamed-chunk-5
-1.pdf Graphic file (type pdf)
<use F21MATH301_BayesianModelingIntroPart2_files/figure-beamer/unnamed-chunk-5-
1.pdf>
Package pdftex.def Info: F21MATH301_BayesianModelingIntroPart2_files/figure-bea
mer/unnamed-chunk-5-1.pdf  used on input line 914.
(pdftex.def)             Requested size: 342.30496pt x 164.66327pt.
[29

 <./F21MATH301_BayesianModelingIntroPart2_files/figure-beamer/unnamed-chunk-5-1
.pdf>] [30

] [31

] [32

]pdfTeX warning (ext4): destination with the same identifier (name{a-gamma-pois
son-conjugate-model-posterior-mean}) has been already used, duplicate ignored
<to be read again> 
                   \relax 
l.995 \end{frame}
                  [33

]pdfTeX warning (ext4): destination with the same identifier (name{a-gamma-pois
son-conjugate-model-posterior-mean}) has been already used, duplicate ignored
<to be read again> 
                   \relax 
l.995 \end{frame}
                  [34

]
<F21MATH301_BayesianModelingIntroPart2_files/figure-beamer/unnamed-chunk-6-1.pd
f, id=355, 423.5825pt x 203.76125pt>
File: F21MATH301_BayesianModelingIntroPart2_files/figure-beamer/unnamed-chunk-6
-1.pdf Graphic file (type pdf)
<use F21MATH301_BayesianModelingIntroPart2_files/figure-beamer/unnamed-chunk-6-
1.pdf>
Package pdftex.def Info: F21MATH301_BayesianModelingIntroPart2_files/figure-bea
mer/unnamed-chunk-6-1.pdf  used on input line 1009.
(pdftex.def)             Requested size: 342.30496pt x 164.66327pt.
[35

 <./F21MATH301_BayesianModelingIntroPart2_files/figure-beamer/unnamed-chunk-6-1
.pdf>]
\openout4 = `F21MATH301_BayesianModelingIntroPart2.vrb'.

(./F21MATH301_BayesianModelingIntroPart2.vrb
LaTeX Font Info:    Font shape `T1/lmtt/bx/n' in size <9> not available
(Font)              Font shape `T1/lmtt/b/n' tried instead on input line 22.
) [36

]
\openout4 = `F21MATH301_BayesianModelingIntroPart2.vrb'.

(./F21MATH301_BayesianModelingIntroPart2.vrb) [37

] [38

]
\openout4 = `F21MATH301_BayesianModelingIntroPart2.vrb'.

(./F21MATH301_BayesianModelingIntroPart2.vrb
LaTeX Font Info:    External font `lmex10' loaded for size
(Font)              <10> on input line 13.
LaTeX Font Info:    External font `lmex10' loaded for size
(Font)              <7> on input line 13.
LaTeX Font Info:    Font shape `T1/lmss/m/it' in size <10> not available
(Font)              Font shape `T1/lmss/m/sl' tried instead on input line 13.
LaTeX Font Info:    Font shape `T1/lmss/m/it' in size <7> not available
(Font)              Font shape `T1/lmss/m/sl' tried instead on input line 13.
) [39

]
<F21MATH301_BayesianModelingIntroPart2_files/figure-beamer/unnamed-chunk-10-1.p
df, id=408, 422.57875pt x 191.71625pt>
File: F21MATH301_BayesianModelingIntroPart2_files/figure-beamer/unnamed-chunk-1
0-1.pdf Graphic file (type pdf)
<use F21MATH301_BayesianModelingIntroPart2_files/figure-beamer/unnamed-chunk-10
-1.pdf>
Package pdftex.def Info: F21MATH301_BayesianModelingIntroPart2_files/figure-bea
mer/unnamed-chunk-10-1.pdf  used on input line 1174.
(pdftex.def)             Requested size: 342.30626pt x 155.29808pt.
[40

 <./F21MATH301_BayesianModelingIntroPart2_files/figure-beamer/unnamed-chunk-10-
1.pdf>] [41

]pdfTeX warning (ext4): destination with the same identifier (name{a-gamma-pois
son-conjugate-model-prior-choices}) has been already used, duplicate ignored
<to be read again> 
                   \relax 
l.1202 \end{frame}
                   [42

]
<F21MATH301_BayesianModelingIntroPart2_files/figure-beamer/unnamed-chunk-11-1.p
df, id=439, 422.57875pt x 205.76875pt>
File: F21MATH301_BayesianModelingIntroPart2_files/figure-beamer/unnamed-chunk-1
1-1.pdf Graphic file (type pdf)
<use F21MATH301_BayesianModelingIntroPart2_files/figure-beamer/unnamed-chunk-11
-1.pdf>
Package pdftex.def Info: F21MATH301_BayesianModelingIntroPart2_files/figure-bea
mer/unnamed-chunk-11-1.pdf  used on input line 1218.
(pdftex.def)             Requested size: 342.30626pt x 166.68118pt.

Overfull \vbox (3.67009pt too high) detected at line 1218
 []

[43

 <./F21MATH301_BayesianModelingIntroPart2_files/figure-beamer/unnamed-chunk-11-
1.pdf>] [44

]pdfTeX warning (ext4): destination with the same identifier (name{a-poisson-re
gression-model-model-specification}) has been already used, duplicate ignored
<to be read again> 
                   \relax 
l.1252 \end{frame}
                   [45

]
\openout4 = `F21MATH301_BayesianModelingIntroPart2.vrb'.

(./F21MATH301_BayesianModelingIntroPart2.vrb) [46

]
\openout4 = `F21MATH301_BayesianModelingIntroPart2.vrb'.

(./F21MATH301_BayesianModelingIntroPart2.vrb) [47

]
\openout4 = `F21MATH301_BayesianModelingIntroPart2.vrb'.

(./F21MATH301_BayesianModelingIntroPart2.vrb) [48

] (./F21MATH301_BayesianModelingIntroPart2.vrbpdfTeX warning (ext4): destinatio
n with the same identifier (name{a-poisson-regression-model-mcmc-estimation-brm
s-2}) has been already used, duplicate ignored
<to be read again> 
                   \relax 
l.2 ...-regression-model-mcmc-estimation-brms-2}{}
                                                  ) [49

]
<F21MATH301_BayesianModelingIntroPart2_files/figure-beamer/unnamed-chunk-14-1.p
df, id=503, 423.5825pt x 197.73875pt>
File: F21MATH301_BayesianModelingIntroPart2_files/figure-beamer/unnamed-chunk-1
4-1.pdf Graphic file (type pdf)
<use F21MATH301_BayesianModelingIntroPart2_files/figure-beamer/unnamed-chunk-14
-1.pdf>
Package pdftex.def Info: F21MATH301_BayesianModelingIntroPart2_files/figure-bea
mer/unnamed-chunk-14-1.pdf  used on input line 1349.
(pdftex.def)             Requested size: 342.30496pt x 159.79639pt.
[50

 <./F21MATH301_BayesianModelingIntroPart2_files/figure-beamer/unnamed-chunk-14-
1.pdf>]
<F21MATH301_BayesianModelingIntroPart2_files/figure-beamer/unnamed-chunk-15-1.p
df, id=519, 423.5825pt x 200.75pt>
File: F21MATH301_BayesianModelingIntroPart2_files/figure-beamer/unnamed-chunk-1
5-1.pdf Graphic file (type pdf)
<use F21MATH301_BayesianModelingIntroPart2_files/figure-beamer/unnamed-chunk-15
-1.pdf>
Package pdftex.def Info: F21MATH301_BayesianModelingIntroPart2_files/figure-bea
mer/unnamed-chunk-15-1.pdf  used on input line 1356.
(pdftex.def)             Requested size: 342.30496pt x 162.22983pt.
[51

 <./F21MATH301_BayesianModelingIntroPart2_files/figure-beamer/unnamed-chunk-15-
1.pdf>]
<F21MATH301_BayesianModelingIntroPart2_files/figure-beamer/unnamed-chunk-16-1.p
df, id=536, 422.57875pt x 203.76125pt>
File: F21MATH301_BayesianModelingIntroPart2_files/figure-beamer/unnamed-chunk-1
6-1.pdf Graphic file (type pdf)
<use F21MATH301_BayesianModelingIntroPart2_files/figure-beamer/unnamed-chunk-16
-1.pdf>
Package pdftex.def Info: F21MATH301_BayesianModelingIntroPart2_files/figure-bea
mer/unnamed-chunk-16-1.pdf  used on input line 1371.
(pdftex.def)             Requested size: 342.30626pt x 165.05502pt.
[52

 <./F21MATH301_BayesianModelingIntroPart2_files/figure-beamer/unnamed-chunk-16-
1.pdf>] [53

]
\openout4 = `F21MATH301_BayesianModelingIntroPart2.vrb'.

(./F21MATH301_BayesianModelingIntroPart2.vrb) [54

]
<F21MATH301_BayesianModelingIntroPart2_files/figure-beamer/unnamed-chunk-18-1.p
df, id=569, 418.56375pt x 184.69pt>
File: F21MATH301_BayesianModelingIntroPart2_files/figure-beamer/unnamed-chunk-1
8-1.pdf Graphic file (type pdf)
<use F21MATH301_BayesianModelingIntroPart2_files/figure-beamer/unnamed-chunk-18
-1.pdf>
Package pdftex.def Info: F21MATH301_BayesianModelingIntroPart2_files/figure-bea
mer/unnamed-chunk-18-1.pdf  used on input line 1431.
(pdftex.def)             Requested size: 342.29202pt x 151.03531pt.
[55

 <./F21MATH301_BayesianModelingIntroPart2_files/figure-beamer/unnamed-chunk-18-
1.pdf>] (./F21MATH301_BayesianModelingIntroPart2.toc) [56

] [57

]pdfTeX warning (ext4): destination with the same identifier (name{summary}) ha
s been already used, duplicate ignored
<to be read again> 
                   \relax 
l.1485 \end{frame}
                   [58

] [59

]
\tf@nav=\write7
\openout7 = `F21MATH301_BayesianModelingIntroPart2.nav'.

\tf@toc=\write8
\openout8 = `F21MATH301_BayesianModelingIntroPart2.toc'.

\tf@snm=\write9
\openout9 = `F21MATH301_BayesianModelingIntroPart2.snm'.

(./F21MATH301_BayesianModelingIntroPart2.aux)
Package rerunfilecheck Info: File `F21MATH301_BayesianModelingIntroPart2.out' h
as not changed.
(rerunfilecheck)             Checksum: C5D7719426C6DE8CF24DE83A6BE4B352;725.
 ) 
Here is how much of TeX's memory you used:
 25994 strings out of 480559
 489580 string characters out of 5902703
 775355 words of memory out of 5000000
 42769 multiletter control sequences out of 15000+600000
 484441 words of font info for 98 fonts, out of 8000000 for 9000
 14 hyphenation exceptions out of 8191
 101i,15n,108p,462b,717s stack positions out of 5000i,500n,10000p,200000b,80000s
{/Users/jihu/Library/TinyTeX/texmf-dist/fonts/enc/dvips/lm/lm-mathsy.enc}{/Us
ers/jihu/Library/TinyTeX/texmf-dist/fonts/enc/dvips/lm/lm-ec.enc}{/Users/jihu/L
ibrary/TinyTeX/texmf-dist/fonts/enc/dvips/lm/lm-rm.enc}{/Users/jihu/Library/Tin
yTeX/texmf-dist/fonts/enc/dvips/lm/lm-mathit.enc}{/Users/jihu/Library/TinyTeX/t
exmf-dist/fonts/enc/dvips/lm/lm-mathex.enc}</Users/jihu/Library/TinyTeX/texmf-d
ist/fonts/type1/public/lm/lmex10.pfb></Users/jihu/Library/TinyTeX/texmf-dist/fo
nts/type1/public/lm/lmmi10.pfb></Users/jihu/Library/TinyTeX/texmf-dist/fonts/ty
pe1/public/lm/lmmi8.pfb></Users/jihu/Library/TinyTeX/texmf-dist/fonts/type1/pub
lic/lm/lmr10.pfb></Users/jihu/Library/TinyTeX/texmf-dist/fonts/type1/public/lm/
lmss10.pfb></Users/jihu/Library/TinyTeX/texmf-dist/fonts/type1/public/lm/lmss12
.pfb></Users/jihu/Library/TinyTeX/texmf-dist/fonts/type1/public/lm/lmss8.pfb></
Users/jihu/Library/TinyTeX/texmf-dist/fonts/type1/public/lm/lmssbx10.pfb></User
s/jihu/Library/TinyTeX/texmf-dist/fonts/type1/public/lm/lmsso10.pfb></Users/jih
u/Library/TinyTeX/texmf-dist/fonts/type1/public/lm/lmsso8.pfb></Users/jihu/Libr
ary/TinyTeX/texmf-dist/fonts/type1/public/lm/lmsy10.pfb></Users/jihu/Library/Ti
nyTeX/texmf-dist/fonts/type1/public/lm/lmsy7.pfb></Users/jihu/Library/TinyTeX/t
exmf-dist/fonts/type1/public/lm/lmsy8.pfb></Users/jihu/Library/TinyTeX/texmf-di
st/fonts/type1/public/lm/lmtk10.pfb></Users/jihu/Library/TinyTeX/texmf-dist/fon
ts/type1/public/lm/lmtt10.pfb></Users/jihu/Library/TinyTeX/texmf-dist/fonts/typ
e1/public/lm/lmtt9.pfb></Users/jihu/Library/TinyTeX/texmf-dist/fonts/type1/publ
ic/amsfonts/symbols/msam7.pfb>
Output written on F21MATH301_BayesianModelingIntroPart2.pdf (59 pages, 485241 b
ytes).
PDF statistics:
 748 PDF objects out of 1000 (max. 8388607)
 606 compressed objects within 7 object streams
 170 named destinations out of 1000 (max. 500000)
 142 words of extra memory for PDF output out of 10000 (max. 10000000)

